<?xml version="1.0" encoding="UTF-8"?>
<!-- Generated by org.testng.reporters.JUnitReportReporter -->
<testsuite skipped="0" hostname="DESKTOP-SLUDRAJ" name="com.HMS.TestCases.HMSTestCases" tests="2" failures="0" timestamp="29 Jan 2020 19:08:04 GMT" time="2.278" errors="0">
  <testcase name="HMSLogin" time="1.836" classname="com.HMS.TestCases.HMSTestCases"/>
  <testcase name="HMSLogout" time="0.442" classname="com.HMS.TestCases.HMSTestCases"/>
</testsuite> <!-- com.HMS.TestCases.HMSTestCases -->
