<?xml version="1.0" encoding="UTF-8"?>
<!-- Generated by org.testng.reporters.JUnitReportReporter -->
<testsuite skipped="0" hostname="DESKTOP-SLUDRAJ" name="com.HMS.TestCases.HMSTestCases" tests="2" failures="0" timestamp="10 Mar 2020 15:31:44 GMT" time="3.477" errors="0">
  <testcase name="HMSLogin" time="2.526" classname="com.HMS.TestCases.HMSTestCases"/>
  <testcase name="HMSLogout" time="0.951" classname="com.HMS.TestCases.HMSTestCases"/>
</testsuite> <!-- com.HMS.TestCases.HMSTestCases -->
